<?xml version="1.0" encoding="UTF-8"?>
<testng-results skipped="0" failed="0" ignored="0" total="1" passed="1">
  <reporter-output>
  </reporter-output>
  <suite name="Default suite" duration-ms="7637" started-at="2022-12-15T15:38:03 IST" finished-at="2022-12-15T15:38:10 IST">
    <groups>
    </groups>
    <test name="Default test" duration-ms="7637" started-at="2022-12-15T15:38:03 IST" finished-at="2022-12-15T15:38:10 IST">
      <class name="com.blazerunner.BlazeDemoRunner">
        <test-method status="PASS" signature="setProperty()[pri:0, instance:com.blazerunner.BlazeDemoRunner@4d3167f4]" name="setProperty" is-config="true" duration-ms="3376" started-at="2022-12-15T15:38:03 IST" finished-at="2022-12-15T15:38:06 IST">
          <reporter-output>
          </reporter-output>
        </test-method> <!-- setProperty -->
        <test-method status="PASS" signature="TestValidation()[pri:0, instance:com.blazerunner.BlazeDemoRunner@4d3167f4]" name="TestValidation" duration-ms="3608" started-at="2022-12-15T15:38:06 IST" finished-at="2022-12-15T15:38:10 IST">
          <reporter-output>
          </reporter-output>
        </test-method> <!-- TestValidation -->
        <test-method status="PASS" signature="quit()[pri:0, instance:com.blazerunner.BlazeDemoRunner@4d3167f4]" name="quit" is-config="true" duration-ms="620" started-at="2022-12-15T15:38:10 IST" finished-at="2022-12-15T15:38:10 IST">
          <reporter-output>
          </reporter-output>
        </test-method> <!-- quit -->
      </class> <!-- com.blazerunner.BlazeDemoRunner -->
    </test> <!-- Default test -->
  </suite> <!-- Default suite -->
</testng-results>
